#
# There is insufficient memory for the Java Runtime Environment to continue.
# Native memory allocation (malloc) failed to allocate 32744 bytes for ChunkPool::allocate
# Possible reasons:
#   The system is out of physical RAM or swap space
#   The process is running with CompressedOops enabled, and the Java Heap may be blocking the growth of the native heap
# Possible solutions:
#   Reduce memory load on the system
#   Increase physical memory or swap space
#   Check if swap backing store is full
#   Decrease Java heap size (-Xmx/-Xms)
#   Decrease number of Java threads
#   Decrease Java thread stack sizes (-Xss)
#   Set larger code cache with -XX:ReservedCodeCacheSize=
#   JVM is running with Unscaled Compressed Oops mode in which the Java heap is
#     placed in the first 4GB address space. The Java Heap base address is the
#     maximum limit for the native heap growth. Please use -XX:HeapBaseMinAddress
#     to set the Java Heap base and to place the Java Heap above 4GB virtual address.
# This output file may be truncated or incomplete.
#
#  Out of Memory Error (allocation.cpp:272), pid=5532, tid=0x0000000000001ce4
#
# JRE version: Java(TM) SE Runtime Environment (8.0_241-b07) (build 1.8.0_241-b07)
# Java VM: Java HotSpot(TM) 64-Bit Server VM (25.241-b07 mixed mode windows-amd64 compressed oops)
# Failed to write core dump. Minidumps are not enabled by default on client versions of Windows
#

---------------  T H R E A D  ---------------

Current thread (0x00000000567a4000):  JavaThread "C1 CompilerThread2" daemon [_thread_in_native, id=7396, stack(0x0000000056520000,0x0000000056620000)]

Stack: [0x0000000056520000,0x0000000056620000]
[error occurred during error reporting (printing stack bounds), id 0xc0000005]

Native frames: (J=compiled Java code, j=interpreted, Vv=VM code, C=native code)


Current CompileTask:
C1:  99631 5632       1       org.eclipse.jdt.internal.compiler.parser.Parser::consumeRule (7641 bytes)


---------------  P R O C E S S  ---------------

Java Threads: ( => current thread )
  0x0000000058ee6000 JavaThread "RMI TCP Connection(idle)" daemon [_thread_blocked, id=6232, stack(0x000000005fd60000,0x000000005fe60000)]
  0x000000005bc18000 JavaThread "RMI TCP Connection(idle)" daemon [_thread_blocked, id=3068, stack(0x000000005d2b0000,0x000000005d3b0000)]
  0x000000005bc0a800 JavaThread "RMI TCP Connection(idle)" daemon [_thread_blocked, id=7832, stack(0x000000005f7d0000,0x000000005f8d0000)]
  0x000000005bc16800 JavaThread "RMI TCP Connection(idle)" daemon [_thread_blocked, id=7500, stack(0x000000005f8f0000,0x000000005f9f0000)]
  0x000000005bc15800 JavaThread "DestroyJavaVM" [_thread_blocked, id=7172, stack(0x0000000002440000,0x0000000002540000)]
  0x000000005bc15000 JavaThread "http-nio-8080-Acceptor" daemon [_thread_in_native, id=7748, stack(0x000000005f670000,0x000000005f770000)]
  0x000000005bc14000 JavaThread "http-nio-8080-Poller" daemon [_thread_in_native, id=2408, stack(0x000000005f4a0000,0x000000005f5a0000)]
  0x000000005bc13800 JavaThread "http-nio-8080-exec-10" daemon [_thread_blocked, id=1264, stack(0x000000005f380000,0x000000005f480000)]
  0x000000005bc12800 JavaThread "http-nio-8080-exec-9" daemon [_thread_blocked, id=3324, stack(0x0000000059cf0000,0x0000000059df0000)]
  0x000000005bc12000 JavaThread "http-nio-8080-exec-8" daemon [_thread_blocked, id=6844, stack(0x000000005f270000,0x000000005f370000)]
  0x000000005bc11000 JavaThread "http-nio-8080-exec-7" daemon [_thread_blocked, id=3412, stack(0x000000005e530000,0x000000005e630000)]
  0x000000005bc10800 JavaThread "http-nio-8080-exec-6" daemon [_thread_blocked, id=6312, stack(0x000000005f150000,0x000000005f250000)]
  0x000000005bc0f800 JavaThread "http-nio-8080-exec-5" daemon [_thread_blocked, id=6468, stack(0x000000005efb0000,0x000000005f0b0000)]
  0x000000005bc0f000 JavaThread "http-nio-8080-exec-4" daemon [_thread_blocked, id=3308, stack(0x000000005edd0000,0x000000005eed0000)]
  0x000000005bc0e000 JavaThread "http-nio-8080-exec-3" daemon [_thread_in_vm, id=3544, stack(0x000000005ec10000,0x000000005ed10000)]
  0x000000005bc0d800 JavaThread "http-nio-8080-exec-2" daemon [_thread_blocked, id=7932, stack(0x000000005ea50000,0x000000005eb50000)]
  0x000000005bc0c800 JavaThread "http-nio-8080-exec-1" daemon [_thread_blocked, id=6440, stack(0x000000005e8a0000,0x000000005e9a0000)]
  0x000000005bc0c000 JavaThread "Live Reload Server" daemon [_thread_in_native, id=212, stack(0x000000005e640000,0x000000005e740000)]
  0x000000005bc0b000 JavaThread "File Watcher" daemon [_thread_blocked, id=4720, stack(0x000000005e410000,0x000000005e510000)]
  0x000000005bc09800 JavaThread "HikariPool-1 housekeeper" daemon [_thread_blocked, id=7252, stack(0x000000005cf50000,0x000000005d050000)]
  0x000000005bb56000 JavaThread "mysql-cj-abandoned-connection-cleanup" daemon [_thread_blocked, id=8056, stack(0x000000005a320000,0x000000005a420000)]
  0x000000005bb26000 JavaThread "container-0" [_thread_blocked, id=1520, stack(0x000000005cad0000,0x000000005cbd0000)]
  0x000000005bb25000 JavaThread "Catalina-utility-2" [_thread_blocked, id=4472, stack(0x000000005a920000,0x000000005aa20000)]
  0x000000005bb24800 JavaThread "Catalina-utility-1" [_thread_blocked, id=3516, stack(0x0000000059ae0000,0x0000000059be0000)]
  0x00000000586cb800 JavaThread "JMX server connection timeout 18" daemon [_thread_blocked, id=6444, stack(0x0000000059bf0000,0x0000000059cf0000)]
  0x00000000586cd000 JavaThread "RMI TCP Connection(idle)" daemon [_thread_blocked, id=7648, stack(0x0000000059810000,0x0000000059910000)]
  0x00000000586ca000 JavaThread "RMI Scheduler(0)" daemon [_thread_blocked, id=5568, stack(0x0000000059970000,0x0000000059a70000)]
  0x0000000057d62000 JavaThread "RMI TCP Accept-0" daemon [_thread_in_native, id=4860, stack(0x0000000058290000,0x0000000058390000)]
  0x0000000057d1c000 JavaThread "RMI TCP Accept-62769" daemon [_thread_in_native, id=1044, stack(0x0000000058140000,0x0000000058240000)]
  0x0000000057d0b000 JavaThread "RMI TCP Accept-0" daemon [_thread_in_native, id=432, stack(0x0000000058040000,0x0000000058140000)]
  0x0000000056818800 JavaThread "Service Thread" daemon [_thread_blocked, id=7280, stack(0x00000000572a0000,0x00000000573a0000)]
=>0x00000000567a4000 JavaThread "C1 CompilerThread2" daemon [_thread_in_native, id=7396, stack(0x0000000056520000,0x0000000056620000)]
  0x000000005679f800 JavaThread "C2 CompilerThread1" daemon [_thread_blocked, id=5656, stack(0x0000000056ff0000,0x00000000570f0000)]
  0x00000000551e8000 JavaThread "C2 CompilerThread0" daemon [_thread_blocked, id=2876, stack(0x0000000056ee0000,0x0000000056fe0000)]
  0x00000000551e6000 JavaThread "Attach Listener" daemon [_thread_blocked, id=5816, stack(0x0000000056d20000,0x0000000056e20000)]
  0x0000000056799000 JavaThread "Signal Dispatcher" daemon [_thread_blocked, id=1984, stack(0x0000000056be0000,0x0000000056ce0000)]
  0x00000000551d1800 JavaThread "Finalizer" daemon [_thread_blocked, id=5640, stack(0x0000000056690000,0x0000000056790000)]
  0x000000005518a800 JavaThread "Reference Handler" daemon [_thread_blocked, id=3684, stack(0x00000000563b0000,0x00000000564b0000)]

Other Threads:
  0x0000000055183000 VMThread [stack: 0x00000000561b0000,0x00000000562b0000] [id=4664]
  0x0000000057d65000 WatcherThread [stack: 0x0000000058390000,0x0000000058490000] [id=5588]

VM state:not at safepoint (normal execution)

VM Mutex/Monitor currently owned by a thread: None

heap address: 0x00000000c1800000, size: 1000 MB, Compressed Oops mode: 32-bit
Narrow klass base: 0x0000000000000000, Narrow klass shift: 0
Compressed class space size: 1073741824 Address: 0x00000000147f0000

Heap:
 PSYoungGen      total 283136K, used 123535K [0x00000000eb300000, 0x0000000100000000, 0x0000000100000000)
  eden space 264192K, 46% used [0x00000000eb300000,0x00000000f2ba3ed0,0x00000000fb500000)
  from space 18944K, 0% used [0x00000000fb500000,0x00000000fb500000,0x00000000fc780000)
  to   space 19456K, 0% used [0x00000000fed00000,0x00000000fed00000,0x0000000100000000)
 ParOldGen       total 76800K, used 32411K [0x00000000c1800000, 0x00000000c6300000, 0x00000000eb300000)
  object space 76800K, 42% used [0x00000000c1800000,0x00000000c37a6c28,0x00000000c6300000)
 Metaspace       used 62507K, capacity 66698K, committed 66944K, reserved 1107968K
  class space    used 8658K, capacity 9328K, committed 9344K, reserved 1048576K

Card table byte_map: [0x0000000011e20000,0x0000000012020000] byte_map_base: 0x0000000011814000

Marking Bits: (ParMarkBitMap*) 0x000000006fdabe30
 Begin Bits: [0x00000000126b0000, 0x0000000013650000)
 End Bits:   [0x0000000013650000, 0x00000000145f0000)

Polling page: 0x00000000002d0000

CodeCache: size=245760Kb used=10249Kb max_used=10290Kb free=235510Kb
 bounds [0x0000000002a60000, 0x0000000003470000, 0x0000000011a60000]
 total_blobs=6150 nmethods=5564 adapters=495
 compilation: enabled

Compilation events (10 events):
Event: 93.356 Thread 0x00000000567a4000 nmethod 5627 0x0000000002eb8890 code [0x0000000002eb8a00, 0x0000000002eb8b90]
Event: 93.356 Thread 0x00000000567a4000 5628       1       sun.security.provider.DigestBase::<init> (27 bytes)
Event: 93.356 Thread 0x00000000567a4000 nmethod 5628 0x0000000002eb84d0 code [0x0000000002eb8620, 0x0000000002eb87f0]
Event: 93.356 Thread 0x00000000567a4000 5629       1       java.security.MessageDigest$Delegate::<init> (11 bytes)
Event: 93.356 Thread 0x00000000567a4000 nmethod 5629 0x0000000002eb81d0 code [0x0000000002eb8320, 0x0000000002eb8450]
Event: 93.358 Thread 0x00000000567a4000 5630       1       org.eclipse.jdt.internal.compiler.parser.Parser::actFromTokenOrSynthetic (9 bytes)
Event: 93.359 Thread 0x00000000567a4000 nmethod 5630 0x0000000002eb7cd0 code [0x0000000002eb7e40, 0x0000000002eb7ff0]
Event: 93.359 Thread 0x00000000567a4000 5631       1       org.eclipse.jdt.internal.compiler.parser.Parser::ntAction (8 bytes)
Event: 93.359 Thread 0x00000000567a4000 nmethod 5631 0x0000000002eb7990 code [0x0000000002eb7ae0, 0x0000000002eb7c10]
Event: 93.359 Thread 0x00000000567a4000 5632       1       org.eclipse.jdt.internal.compiler.parser.Parser::consumeRule (7641 bytes)

GC Heap History (10 events):
Event: 2.611 GC heap before
{Heap before GC invocations=12 (full 1):
 PSYoungGen      total 198656K, used 91069K [0x00000000eb300000, 0x00000000f8880000, 0x0000000100000000)
  eden space 188416K, 42% used [0x00000000eb300000,0x00000000f01f3710,0x00000000f6b00000)
  from space 10240K, 99% used [0x00000000f7900000,0x00000000f82fbef8,0x00000000f8300000)
  to   space 14336K, 0% used [0x00000000f6b00000,0x00000000f6b00000,0x00000000f7900000)
 ParOldGen       total 31232K, used 16305K [0x00000000c1800000, 0x00000000c3680000, 0x00000000eb300000)
  object space 31232K, 52% used [0x00000000c1800000,0x00000000c27ec728,0x00000000c3680000)
 Metaspace       used 33086K, capacity 35258K, committed 35416K, reserved 1079296K
  class space    used 4585K, capacity 5002K, committed 5120K, reserved 1048576K
Event: 2.620 GC heap after
Heap after GC invocations=12 (full 1):
 PSYoungGen      total 202752K, used 2426K [0x00000000eb300000, 0x00000000fda00000, 0x0000000100000000)
  eden space 188416K, 0% used [0x00000000eb300000,0x00000000eb300000,0x00000000f6b00000)
  from space 14336K, 16% used [0x00000000f6b00000,0x00000000f6d5e930,0x00000000f7900000)
  to   space 14336K, 0% used [0x00000000fcc00000,0x00000000fcc00000,0x00000000fda00000)
 ParOldGen       total 31232K, used 25582K [0x00000000c1800000, 0x00000000c3680000, 0x00000000eb300000)
  object space 31232K, 81% used [0x00000000c1800000,0x00000000c30fb818,0x00000000c3680000)
 Metaspace       used 33086K, capacity 35258K, committed 35416K, reserved 1079296K
  class space    used 4585K, capacity 5002K, committed 5120K, reserved 1048576K
}
Event: 2.620 GC heap before
{Heap before GC invocations=13 (full 2):
 PSYoungGen      total 202752K, used 2426K [0x00000000eb300000, 0x00000000fda00000, 0x0000000100000000)
  eden space 188416K, 0% used [0x00000000eb300000,0x00000000eb300000,0x00000000f6b00000)
  from space 14336K, 16% used [0x00000000f6b00000,0x00000000f6d5e930,0x00000000f7900000)
  to   space 14336K, 0% used [0x00000000fcc00000,0x00000000fcc00000,0x00000000fda00000)
 ParOldGen       total 31232K, used 25582K [0x00000000c1800000, 0x00000000c3680000, 0x00000000eb300000)
  object space 31232K, 81% used [0x00000000c1800000,0x00000000c30fb818,0x00000000c3680000)
 Metaspace       used 33086K, capacity 35258K, committed 35416K, reserved 1079296K
  class space    used 4585K, capacity 5002K, committed 5120K, reserved 1048576K
Event: 2.673 GC heap after
Heap after GC invocations=13 (full 2):
 PSYoungGen      total 202752K, used 0K [0x00000000eb300000, 0x00000000fda00000, 0x0000000100000000)
  eden space 188416K, 0% used [0x00000000eb300000,0x00000000eb300000,0x00000000f6b00000)
  from space 14336K, 0% used [0x00000000f6b00000,0x00000000f6b00000,0x00000000f7900000)
  to   space 14336K, 0% used [0x00000000fcc00000,0x00000000fcc00000,0x00000000fda00000)
 ParOldGen       total 52736K, used 17713K [0x00000000c1800000, 0x00000000c4b80000, 0x00000000eb300000)
  object space 52736K, 33% used [0x00000000c1800000,0x00000000c294c588,0x00000000c4b80000)
 Metaspace       used 33086K, capacity 35258K, committed 35416K, reserved 1079296K
  class space    used 4585K, capacity 5002K, committed 5120K, reserved 1048576K
}
Event: 3.766 GC heap before
{Heap before GC invocations=14 (full 2):
 PSYoungGen      total 202752K, used 188416K [0x00000000eb300000, 0x00000000fda00000, 0x0000000100000000)
  eden space 188416K, 100% used [0x00000000eb300000,0x00000000f6b00000,0x00000000f6b00000)
  from space 14336K, 0% used [0x00000000f6b00000,0x00000000f6b00000,0x00000000f7900000)
  to   space 14336K, 0% used [0x00000000fcc00000,0x00000000fcc00000,0x00000000fda00000)
 ParOldGen       total 52736K, used 17713K [0x00000000c1800000, 0x00000000c4b80000, 0x00000000eb300000)
  object space 52736K, 33% used [0x00000000c1800000,0x00000000c294c588,0x00000000c4b80000)
 Metaspace       used 48242K, capacity 50934K, committed 51200K, reserved 1093632K
  class space    used 6828K, capacity 7313K, committed 7424K, reserved 1048576K
Event: 3.781 GC heap after
Heap after GC invocations=14 (full 2):
 PSYoungGen      total 273408K, used 14307K [0x00000000eb300000, 0x00000000fda00000, 0x0000000100000000)
  eden space 259072K, 0% used [0x00000000eb300000,0x00000000eb300000,0x00000000fb000000)
  from space 14336K, 99% used [0x00000000fcc00000,0x00000000fd9f8cd8,0x00000000fda00000)
  to   space 18944K, 0% used [0x00000000fb500000,0x00000000fb500000,0x00000000fc780000)
 ParOldGen       total 52736K, used 24318K [0x00000000c1800000, 0x00000000c4b80000, 0x00000000eb300000)
  object space 52736K, 46% used [0x00000000c1800000,0x00000000c2fbf948,0x00000000c4b80000)
 Metaspace       used 48242K, capacity 50934K, committed 51200K, reserved 1093632K
  class space    used 6828K, capacity 7313K, committed 7424K, reserved 1048576K
}
Event: 4.910 GC heap before
{Heap before GC invocations=15 (full 2):
 PSYoungGen      total 273408K, used 170913K [0x00000000eb300000, 0x00000000fda00000, 0x0000000100000000)
  eden space 259072K, 60% used [0x00000000eb300000,0x00000000f4bef808,0x00000000fb000000)
  from space 14336K, 99% used [0x00000000fcc00000,0x00000000fd9f8cd8,0x00000000fda00000)
  to   space 18944K, 0% used [0x00000000fb500000,0x00000000fb500000,0x00000000fc780000)
 ParOldGen       total 52736K, used 24318K [0x00000000c1800000, 0x00000000c4b80000, 0x00000000eb300000)
  object space 52736K, 46% used [0x00000000c1800000,0x00000000c2fbf948,0x00000000c4b80000)
 Metaspace       used 55284K, capacity 58894K, committed 59008K, reserved 1099776K
  class space    used 7840K, capacity 8471K, committed 8576K, reserved 1048576K
Event: 4.923 GC heap after
Heap after GC invocations=15 (full 2):
 PSYoungGen      total 283136K, used 11197K [0x00000000eb300000, 0x0000000100000000, 0x0000000100000000)
  eden space 264192K, 0% used [0x00000000eb300000,0x00000000eb300000,0x00000000fb500000)
  from space 18944K, 59% used [0x00000000fb500000,0x00000000fbfef4b0,0x00000000fc780000)
  to   space 19456K, 0% used [0x00000000fed00000,0x00000000fed00000,0x0000000100000000)
 ParOldGen       total 52736K, used 30398K [0x00000000c1800000, 0x00000000c4b80000, 0x00000000eb300000)
  object space 52736K, 57% used [0x00000000c1800000,0x00000000c35af9c0,0x00000000c4b80000)
 Metaspace       used 55284K, capacity 58894K, committed 59008K, reserved 1099776K
  class space    used 7840K, capacity 8471K, committed 8576K, reserved 1048576K
}
Event: 4.923 GC heap before
{Heap before GC invocations=16 (full 3):
 PSYoungGen      total 283136K, used 11197K [0x00000000eb300000, 0x0000000100000000, 0x0000000100000000)
  eden space 264192K, 0% used [0x00000000eb300000,0x00000000eb300000,0x00000000fb500000)
  from space 18944K, 59% used [0x00000000fb500000,0x00000000fbfef4b0,0x00000000fc780000)
  to   space 19456K, 0% used [0x00000000fed00000,0x00000000fed00000,0x0000000100000000)
 ParOldGen       total 52736K, used 30398K [0x00000000c1800000, 0x00000000c4b80000, 0x00000000eb300000)
  object space 52736K, 57% used [0x00000000c1800000,0x00000000c35af9c0,0x00000000c4b80000)
 Metaspace       used 55284K, capacity 58894K, committed 59008K, reserved 1099776K
  class space    used 7840K, capacity 8471K, committed 8576K, reserved 1048576K
Event: 5.066 GC heap after
Heap after GC invocations=16 (full 3):
 PSYoungGen      total 283136K, used 0K [0x00000000eb300000, 0x0000000100000000, 0x0000000100000000)
  eden space 264192K, 0% used [0x00000000eb300000,0x00000000eb300000,0x00000000fb500000)
  from space 18944K, 0% used [0x00000000fb500000,0x00000000fb500000,0x00000000fc780000)
  to   space 19456K, 0% used [0x00000000fed00000,0x00000000fed00000,0x0000000100000000)
 ParOldGen       total 76800K, used 32411K [0x00000000c1800000, 0x00000000c6300000, 0x00000000eb300000)
  object space 76800K, 42% used [0x00000000c1800000,0x00000000c37a6c28,0x00000000c6300000)
 Metaspace       used 55284K, capacity 58894K, committed 59008K, reserved 1099776K
  class space    used 7840K, capacity 8471K, committed 8576K, reserved 1048576K
}

Deoptimization events (0 events):
No events

Classes redefined (0 events):
No events

Internal exceptions (10 events):
Event: 6.987 Thread 0x00000000586fb000 Exception <a 'java/lang/ArrayIndexOutOfBoundsException'> (0x00000000ed1e2b90) thrown at [C:\ade\jenkins\workspace\8-2-build-windows-amd64-cygwin\jdk8u241\331\hotspot\src\share\vm\runtime\sharedRuntime.cpp, line 605]
Event: 6.987 Thread 0x00000000586fb000 Exception <a 'java/lang/ArrayIndexOutOfBoundsException'> (0x00000000ed1e4960) thrown at [C:\ade\jenkins\workspace\8-2-build-windows-amd64-cygwin\jdk8u241\331\hotspot\src\share\vm\runtime\sharedRuntime.cpp, line 605]
Event: 6.987 Thread 0x00000000586fb000 Exception <a 'java/lang/ArrayIndexOutOfBoundsException'> (0x00000000ed1e6b20) thrown at [C:\ade\jenkins\workspace\8-2-build-windows-amd64-cygwin\jdk8u241\331\hotspot\src\share\vm\runtime\sharedRuntime.cpp, line 605]
Event: 6.987 Thread 0x00000000586fb000 Exception <a 'java/lang/ArrayIndexOutOfBoundsException'> (0x00000000ed1e8f80) thrown at [C:\ade\jenkins\workspace\8-2-build-windows-amd64-cygwin\jdk8u241\331\hotspot\src\share\vm\runtime\sharedRuntime.cpp, line 605]
Event: 6.987 Thread 0x00000000586fb000 Exception <a 'java/lang/ArrayIndexOutOfBoundsException'> (0x00000000ed1ea848) thrown at [C:\ade\jenkins\workspace\8-2-build-windows-amd64-cygwin\jdk8u241\331\hotspot\src\share\vm\runtime\sharedRuntime.cpp, line 605]
Event: 6.987 Thread 0x00000000586fb000 Exception <a 'java/lang/ArrayIndexOutOfBoundsException'> (0x00000000ed1ed1d8) thrown at [C:\ade\jenkins\workspace\8-2-build-windows-amd64-cygwin\jdk8u241\331\hotspot\src\share\vm\runtime\sharedRuntime.cpp, line 605]
Event: 7.011 Thread 0x00000000586fb000 Exception <a 'java/lang/ArrayIndexOutOfBoundsException'> (0x00000000ed269a80) thrown at [C:\ade\jenkins\workspace\8-2-build-windows-amd64-cygwin\jdk8u241\331\hotspot\src\share\vm\runtime\sharedRuntime.cpp, line 605]
Event: 7.011 Thread 0x00000000586fb000 Exception <a 'java/lang/ArrayIndexOutOfBoundsException'> (0x00000000ed26c290) thrown at [C:\ade\jenkins\workspace\8-2-build-windows-amd64-cygwin\jdk8u241\331\hotspot\src\share\vm\runtime\sharedRuntime.cpp, line 605]
Event: 7.013 Thread 0x00000000586fb000 Exception <a 'java/lang/ArrayIndexOutOfBoundsException'> (0x00000000ed28bc90) thrown at [C:\ade\jenkins\workspace\8-2-build-windows-amd64-cygwin\jdk8u241\331\hotspot\src\share\vm\runtime\sharedRuntime.cpp, line 605]
Event: 97.370 Thread 0x000000005bc0e000 Exception <a 'java/lang/ArrayIndexOutOfBoundsException': 12875> (0x00000000f29f0fd8) thrown at [C:\ade\jenkins\workspace\8-2-build-windows-amd64-cygwin\jdk8u241\331\hotspot\src\share\vm\interpreter\interpreterRuntime.cpp, line 368]

Events (10 events):
Event: 97.360 loading class org/eclipse/jdt/internal/compiler/ast/AbstractMethodDeclaration
Event: 97.360 loading class org/eclipse/jdt/internal/compiler/ast/AbstractMethodDeclaration done
Event: 97.370 loading class org/eclipse/jdt/internal/compiler/ast/ConstructorDeclaration
Event: 97.370 loading class org/eclipse/jdt/internal/compiler/ast/ConstructorDeclaration done
Event: 97.373 loading class org/eclipse/jdt/internal/compiler/ast/Clinit
Event: 97.373 loading class org/eclipse/jdt/internal/compiler/ast/Clinit done
Event: 97.376 loading class org/eclipse/jdt/internal/compiler/lookup/CompilationUnitScope
Event: 97.376 loading class org/eclipse/jdt/internal/compiler/lookup/CompilationUnitScope done
Event: 99.389 loading class org/eclipse/jdt/internal/compiler/lookup/Scope
Event: 99.389 loading class org/eclipse/jdt/internal/compiler/lookup/Scope done


Dynamic libraries:
0x000000013f3b0000 - 0x000000013f3e7000 	C:\Program Files\Java\jre1.8.0_241\bin\javaw.exe
0x0000000076dd0000 - 0x0000000076f6f000 	C:\Windows\SYSTEM32\ntdll.dll
0x0000000076cb0000 - 0x0000000076dcf000 	C:\Windows\system32\kernel32.dll
0x000007fefca10000 - 0x000007fefca77000 	C:\Windows\system32\KERNELBASE.dll
0x0000000074600000 - 0x0000000074695000 	C:\Windows\System32\SYSFER.DLL
0x000007fefe240000 - 0x000007fefe31b000 	C:\Windows\system32\ADVAPI32.dll
0x000007fefd400000 - 0x000007fefd49f000 	C:\Windows\system32\msvcrt.dll
0x000007fefebe0000 - 0x000007fefebff000 	C:\Windows\SYSTEM32\sechost.dll
0x000007fefecd0000 - 0x000007fefedfc000 	C:\Windows\system32\RPCRT4.dll
0x0000000070ff0000 - 0x0000000071315000 	C:\ProgramData\Symantec\Symantec Endpoint Protection\14.2.1023.0100.105\Data\Definitions\IPSDefs\20200210.061\IPSEng64.dll
0x0000000076f70000 - 0x0000000076f77000 	C:\Windows\system32\PSAPI.DLL
0x0000000076bb0000 - 0x0000000076cab000 	C:\Windows\system32\USER32.dll
0x000007fefcee0000 - 0x000007fefcf47000 	C:\Windows\system32\GDI32.dll
0x000007fefd4a0000 - 0x000007fefd4ae000 	C:\Windows\system32\LPK.dll
0x000007fefec00000 - 0x000007fefeccb000 	C:\Windows\system32\USP10.dll
0x000007fefb230000 - 0x000007fefb425000 	C:\Windows\WinSxS\amd64_microsoft.windows.common-controls_6595b64144ccf1df_6.0.7601.24483_none_e372d88f30fbb845\COMCTL32.dll
0x000007fefee90000 - 0x000007fefef01000 	C:\Windows\system32\SHLWAPI.dll
0x000007fef84e0000 - 0x000007fef84e3000 	C:\Windows\system32\api-ms-win-core-synch-l1-2-0.DLL
0x000007fefe3d0000 - 0x000007fefe3fe000 	C:\Windows\system32\IMM32.DLL
0x000007fefefb0000 - 0x000007feff0bb000 	C:\Windows\system32\MSCTF.dll
0x0000000071570000 - 0x0000000071642000 	C:\Program Files\Java\jre1.8.0_241\bin\msvcr100.dll
0x000000006f580000 - 0x000000006fe2c000 	C:\Program Files\Java\jre1.8.0_241\bin\server\jvm.dll
0x000007fef89f0000 - 0x000007fef89f9000 	C:\Windows\system32\WSOCK32.dll
0x000007fefe320000 - 0x000007fefe36d000 	C:\Windows\system32\WS2_32.dll
0x000007fefee00000 - 0x000007fefee08000 	C:\Windows\system32\NSI.dll
0x000007fefa460000 - 0x000007fefa49b000 	C:\Windows\system32\WINMM.dll
0x000007fefb9f0000 - 0x000007fefb9fc000 	C:\Windows\system32\VERSION.dll
0x000007fef8a40000 - 0x000007fef8a4f000 	C:\Program Files\Java\jre1.8.0_241\bin\verify.dll
0x000007fef5200000 - 0x000007fef5229000 	C:\Program Files\Java\jre1.8.0_241\bin\java.dll
0x000007fef5160000 - 0x000007fef5176000 	C:\Program Files\Java\jre1.8.0_241\bin\zip.dll
0x000007fefd4b0000 - 0x000007fefe23b000 	C:\Windows\system32\SHELL32.dll
0x000007fefcce0000 - 0x000007fefcedf000 	C:\Windows\system32\ole32.dll
0x000007fefc920000 - 0x000007fefc92f000 	C:\Windows\system32\profapi.dll
0x000007fef8a50000 - 0x000007fef8a5d000 	C:\Program Files\Java\jre1.8.0_241\bin\management.dll
0x000007fef5310000 - 0x000007fef532a000 	C:\Program Files\Java\jre1.8.0_241\bin\net.dll
0x000007fefc060000 - 0x000007fefc0b5000 	C:\Windows\system32\mswsock.dll
0x000007fefc050000 - 0x000007fefc057000 	C:\Windows\System32\wship6.dll
0x000007fef5020000 - 0x000007fef5032000 	C:\Program Files\Java\jre1.8.0_241\bin\nio.dll
0x000007fef9dc0000 - 0x000007fef9dd5000 	C:\Windows\system32\NLAapi.dll
0x000007fef91a0000 - 0x000007fef91b5000 	C:\Windows\system32\napinsp.dll
0x000007fef9160000 - 0x000007fef9179000 	C:\Windows\system32\pnrpnsp.dll
0x000007fefbed0000 - 0x000007fefbf2b000 	C:\Windows\system32\DNSAPI.dll
0x000007fef9240000 - 0x000007fef924b000 	C:\Windows\System32\winrnr.dll
0x000007fefbac0000 - 0x000007fefbac7000 	C:\Windows\System32\wshtcpip.dll
0x000007fef9bd0000 - 0x000007fef9bf7000 	C:\Windows\system32\IPHLPAPI.DLL
0x000007fef9bc0000 - 0x000007fef9bcb000 	C:\Windows\system32\WINNSI.DLL
0x000007fefaee0000 - 0x000007fefaee8000 	C:\Windows\system32\rasadhlp.dll
0x000007fef9a80000 - 0x000007fef9ad3000 	C:\Windows\System32\fwpuclnt.dll
0x000007fefc3a0000 - 0x000007fefc3b8000 	C:\Windows\system32\CRYPTSP.dll
0x000007fefbdf0000 - 0x000007fefbe37000 	C:\Windows\system32\rsaenh.dll
0x000007fefca80000 - 0x000007fefca9f000 	C:\Windows\system32\USERENV.dll
0x000007fefc7c0000 - 0x000007fefc7cf000 	C:\Windows\system32\CRYPTBASE.dll
0x000007fef9a10000 - 0x000007fef9a21000 	C:\Windows\system32\dhcpcsvc6.DLL
0x000007fef99f0000 - 0x000007fef9a08000 	C:\Windows\system32\dhcpcsvc.DLL
0x000007fef4f40000 - 0x000007fef4f64000 	C:\Program Files\Java\jre1.8.0_241\bin\sunec.dll
0x000007fef52d0000 - 0x000007fef52db000 	C:\Program Files\Java\jre1.8.0_241\bin\sunmscapi.dll
0x000007fefcb00000 - 0x000007fefcc6d000 	C:\Windows\system32\CRYPT32.dll
0x000007fefc930000 - 0x000007fefc93f000 	C:\Windows\system32\MSASN1.dll

VM Arguments:
jvm_args: -Dcom.sun.management.jmxremote -Dcom.sun.management.jmxremote.port=62769 -Dcom.sun.management.jmxremote.authenticate=false -Dcom.sun.management.jmxremote.ssl=false -Djava.rmi.server.hostname=localhost -Dspring.jmx.enabled=true -Dspring.application.admin.enabled=true -Xverify:none -XX:TieredStopAtLevel=1 -Dspring.boot.project.name=CMS -Dfile.encoding=UTF-8 
java_command: gov.mof.CMS.CmsApplication --spring.output.ansi.enabled=always
java_class_path (initial): D:\SpringBoot\CMS\target\classes;C:\Users\ydirirsa\.m2\repository\org\springframework\boot\spring-boot-starter-web\2.6.6\spring-boot-starter-web-2.6.6.jar;C:\Users\ydirirsa\.m2\repository\org\springframework\boot\spring-boot-starter\2.6.6\spring-boot-starter-2.6.6.jar;C:\Users\ydirirsa\.m2\repository\org\springframework\boot\spring-boot-starter-logging\2.6.6\spring-boot-starter-logging-2.6.6.jar;C:\Users\ydirirsa\.m2\repository\ch\qos\logback\logback-classic\1.2.11\logback-classic-1.2.11.jar;C:\Users\ydirirsa\.m2\repository\ch\qos\logback\logback-core\1.2.11\logback-core-1.2.11.jar;C:\Users\ydirirsa\.m2\repository\org\apache\logging\log4j\log4j-to-slf4j\2.17.2\log4j-to-slf4j-2.17.2.jar;C:\Users\ydirirsa\.m2\repository\org\apache\logging\log4j\log4j-api\2.17.2\log4j-api-2.17.2.jar;C:\Users\ydirirsa\.m2\repository\org\slf4j\jul-to-slf4j\1.7.36\jul-to-slf4j-1.7.36.jar;C:\Users\ydirirsa\.m2\repository\jakarta\annotation\jakarta.annotation-api\1.3.5\jakarta.annotation-api-1.3.5.jar;C:\Users\ydirirsa\.m2\repository\org\yaml\snakeyaml\1.29\snakeyaml-1.29.jar;C:\Users\ydirirsa\.m2\repository\org\springframework\boot\spring-boot-starter-json\2.6.6\spring-boot-starter-json-2.6.6.jar;C:\Users\ydirirsa\.m2\repository\com\fasterxml\jackson\datatype\jackson-datatype-jdk8\2.13.2\jackson-datatype-jdk8-2.13.2.jar;C:\Users\ydirirsa\.m2\repository\com\fasterxml\jackson\datatype\jackson-datatype-jsr310\2.13.2\jackson-datatype-jsr310-2.13.2.jar;C:\Users\ydirirsa\.m2\repository\com\fasterxml\jackson\module\jackson-module-parameter-names\2.13.2\jackson-module-parameter-names-2.13.2.jar;C:\Users\ydirirsa\.m2\repository\org\springframework\boot\spring-boot-starter-tomcat\2.6.6\spring-boot-starter-tomcat-2.6.6.jar;C:\Users\ydirirsa\.m2\repository\org\apache\tomcat\embed\tomcat-embed-core\9.0.60\tomcat-embed-core-9.0.60.jar;C:\Users\ydirirsa\.m2\repository\org\apache\tomcat\embed\tomcat-embed-websocket\9.0.60\tomcat-embed-websocket-9.0.60.jar;C:\Users\ydirirsa\.m2
Launcher Type: SUN_STANDARD

Environment Variables:
JAVA_HOME=C:\Program Files\Java\jdk1.8.0_201
PATH=C:/Program Files/Java/jre1.8.0_241/bin/server;C:/Program Files/Java/jre1.8.0_241/bin;C:/Program Files/Java/jre1.8.0_241/lib/amd64;C:\Program Files (x86)\Common Files\Oracle\Java\javapath;C:\Windows\system32;C:\Windows;C:\Windows\System32\Wbem;C:\Windows\System32\WindowsPowerShell\v1.0\;C:\Program Files (x86)\Microsoft SQL Server\100\Tools\Binn\;C:\Program Files\Java\jdk1.8.0_201/bin;C:\Program Files\Java\jre1.8.0_221\lib\ext\mysql-connector-java-5.1.48\mysql-connector-java-5.1.48;C:\Tomcat\bin;C:\Program Files (x86)\Google\Chrome\Application;C:\Program Files (x86)\Common Files\Oracle\Java\javapath;C:\Windows\system32;C:\Windows;C:\Windows\System32\Wbem;C:\Windows\System32\WindowsPowerShell\v1.0\;C:\Program Files (x86)\Microsoft SQL Server\100\Tools\Binn\;C:\Program Files\Java\jdk1.8.0_201/bin;C:\Users\ydirirsa\AppData\Local\Programs\Git\cmd;C:\php;C:\Users\ydirirsa\AppData\Local\Programs\Python\Python38-32;C:\commons-logging-1.2;D:\spring-framework-5.2.9.RELEASE\libs;C:\sts-4.7.0.RELEASE;
USERNAME=ydirirsa
OS=Windows_NT
PROCESSOR_IDENTIFIER=Intel64 Family 6 Model 94 Stepping 3, GenuineIntel



---------------  S Y S T E M  ---------------

OS: Windows 7 , 64 bit Build 7601 (6.1.7601.24545)

CPU:total 4 (initial active 4) (4 cores per cpu, 1 threads per core) family 6 model 94 stepping 3, cmov, cx8, fxsr, mmx, sse, sse2, sse3, ssse3, sse4.1, sse4.2, popcnt, avx, avx2, aes, clmul, erms, rtm, 3dnowpref, lzcnt, tsc, tscinvbit, bmi1, bmi2, adx

Memory: 4k page, physical 4092856k(198376k free), swap 9866400k(764k free)

vm_info: Java HotSpot(TM) 64-Bit Server VM (25.241-b07) for windows-amd64 JRE (1.8.0_241-b07), built on Dec 11 2019 10:21:40 by "rejava" with MS VC++ 10.0 (VS2010)

time: Mon Jul 04 15:50:54 2022
timezone: E. Africa Standard Time
elapsed time: 99 seconds (0d 0h 1m 39s)

